[debug] [2021-07-15T17:28:11.111Z] ----------------------------------------------------------------------
[debug] [2021-07-15T17:28:11.113Z] Command:       /usr/local/bin/firebase /home/franciep/.cache/firebase/tools/lib/node_modules/firebase-tools/lib/bin/firebase init hosting
[debug] [2021-07-15T17:28:11.113Z] CLI Version:   9.16.0
[debug] [2021-07-15T17:28:11.113Z] Platform:      linux
[debug] [2021-07-15T17:28:11.113Z] Node Version:  v12.18.1
[debug] [2021-07-15T17:28:11.114Z] Time:          Thu Jul 15 2021 18:28:11 GMT+0100 (British Summer Time)
[debug] [2021-07-15T17:28:11.114Z] ----------------------------------------------------------------------
[debug] 
[debug] [2021-07-15T17:28:11.118Z] > command requires scopes: ["email","openid","https://www.googleapis.com/auth/cloudplatformprojects.readonly","https://www.googleapis.com/auth/firebase","https://www.googleapis.com/auth/cloud-platform"]
[debug] [2021-07-15T17:28:11.118Z] > authorizing via signed-in user (earlfrancis0311@gmail.com)
[info] 
     ######## #### ########  ######## ########     ###     ######  ########
     ##        ##  ##     ## ##       ##     ##  ##   ##  ##       ##
     ######    ##  ########  ######   ########  #########  ######  ######
     ##        ##  ##    ##  ##       ##     ## ##     ##       ## ##
     ##       #### ##     ## ######## ########  ##     ##  ######  ########

You're about to initialize a Firebase project in this directory:

  /home/franciep/code/francisearl/messaging-app

[info] 
=== Project Setup
[info] 
[info] First, let's associate this project directory with a Firebase project.
[info] You can create multiple project aliases by running firebase use --add, 
[info] but for now we'll just set up a default project.
[info] 
[info] i  If you want to create a project in a Google Cloud organization or folder, please use "firebase projects:create" instead, and return to this command when you've created the project. 
[debug] [2021-07-15T17:28:53.959Z] > refreshing access token with scopes: ["email","https://www.googleapis.com/auth/cloud-platform","https://www.googleapis.com/auth/cloudplatformprojects.readonly","https://www.googleapis.com/auth/firebase","openid"]
[debug] [2021-07-15T17:28:53.959Z] >>> HTTP REQUEST POST https://www.googleapis.com/oauth2/v3/token  
 <request body omitted>
[debug] [2021-07-15T17:28:54.057Z] <<< HTTP RESPONSE 200 {"expires":"Mon, 01 Jan 1990 00:00:00 GMT","date":"Thu, 15 Jul 2021 17:28:54 GMT","cache-control":"no-cache, no-store, max-age=0, must-revalidate","pragma":"no-cache","content-type":"application/json; charset=utf-8","vary":"X-Origin, Referer, Origin,Accept-Encoding","server":"scaffolding on HTTPServer2","x-xss-protection":"0","x-frame-options":"SAMEORIGIN","x-content-type-options":"nosniff","alt-svc":"h3=\":443\"; ma=2592000,h3-29=\":443\"; ma=2592000,h3-T051=\":443\"; ma=2592000,h3-Q050=\":443\"; ma=2592000,h3-Q046=\":443\"; ma=2592000,h3-Q043=\":443\"; ma=2592000,quic=\":443\"; ma=2592000; v=\"46,43\"","accept-ranges":"none","transfer-encoding":"chunked"}
[debug] [2021-07-15T17:28:54.082Z] >>> HTTP REQUEST POST https://cloudresourcemanager.googleapis.com/v1/projects  
 {"projectId":"dincord","name":"Dincord"}
[debug] [2021-07-15T17:28:54.894Z] <<< HTTP RESPONSE 200 {"content-type":"application/json; charset=UTF-8","vary":"X-Origin, Referer, Origin,Accept-Encoding","date":"Thu, 15 Jul 2021 17:28:55 GMT","server":"ESF","cache-control":"private","x-xss-protection":"0","x-frame-options":"SAMEORIGIN","x-content-type-options":"nosniff","server-timing":"gfet4t7; dur=764","alt-svc":"h3=\":443\"; ma=2592000,h3-29=\":443\"; ma=2592000,h3-T051=\":443\"; ma=2592000,h3-Q050=\":443\"; ma=2592000,h3-Q046=\":443\"; ma=2592000,h3-Q043=\":443\"; ma=2592000,quic=\":443\"; ma=2592000; v=\"46,43\"","accept-ranges":"none","transfer-encoding":"chunked"}
[debug] [2021-07-15T17:28:54.899Z] > refreshing access token with scopes: []
[debug] [2021-07-15T17:28:54.899Z] >>> HTTP REQUEST POST https://www.googleapis.com/oauth2/v3/token  
 <request body omitted>
[debug] [2021-07-15T17:28:54.986Z] <<< HTTP RESPONSE 200 {"pragma":"no-cache","date":"Thu, 15 Jul 2021 17:28:55 GMT","cache-control":"no-cache, no-store, max-age=0, must-revalidate","expires":"Mon, 01 Jan 1990 00:00:00 GMT","content-type":"application/json; charset=utf-8","vary":"X-Origin, Referer, Origin,Accept-Encoding","server":"scaffolding on HTTPServer2","x-xss-protection":"0","x-frame-options":"SAMEORIGIN","x-content-type-options":"nosniff","alt-svc":"h3=\":443\"; ma=2592000,h3-29=\":443\"; ma=2592000,h3-T051=\":443\"; ma=2592000,h3-Q050=\":443\"; ma=2592000,h3-Q046=\":443\"; ma=2592000,h3-Q043=\":443\"; ma=2592000,quic=\":443\"; ma=2592000; v=\"46,43\"","accept-ranges":"none","transfer-encoding":"chunked"}
[debug] [2021-07-15T17:28:55.004Z] >>> [apiv2][query] GET https://cloudresourcemanager.googleapis.com/v1/operations/cp.7672697901578181588 [none]
[debug] [2021-07-15T17:28:55.911Z] <<< [apiv2][status] GET https://cloudresourcemanager.googleapis.com/v1/operations/cp.7672697901578181588 200
[debug] [2021-07-15T17:28:55.911Z] <<< [apiv2][body] GET https://cloudresourcemanager.googleapis.com/v1/operations/cp.7672697901578181588 {"name":"operations/cp.7672697901578181588","metadata":{"@type":"type.googleapis.com/google.cloudresourcemanager.v1.ProjectCreationStatus","ready":true},"done":true,"error":{"code":9,"message":"Callers must accept Terms of Service","details":[{"@type":"type.googleapis.com/google.rpc.PreconditionFailure","violations":[{"type":"TOS","subject":"cloud","description":"Callers must accept Terms of Service"}]}]}}
[debug] [2021-07-15T17:28:55.961Z] FirebaseError: Callers must accept Terms of Service
    at OperationPoller.poll (/home/franciep/.cache/firebase/tools/lib/node_modules/firebase-tools/lib/operation-poller.js:23:19)
    at processTicksAndRejections (internal/process/task_queues.js:97:5)
    at async createCloudProject (/home/franciep/.cache/firebase/tools/lib/node_modules/firebase-tools/lib/management/projects.js:181:29)
    at async Object.createFirebaseProjectAndLog (/home/franciep/.cache/firebase/tools/lib/node_modules/firebase-tools/lib/management/projects.js:46:9)
    at async promptAndCreateNewProject (/home/franciep/.cache/firebase/tools/lib/node_modules/firebase-tools/lib/init/features/project.js:32:12)
    at async Object.doSetup [as project] (/home/franciep/.cache/firebase/tools/lib/node_modules/firebase-tools/lib/init/features/project.js:87:27)
    at async init (/home/franciep/.cache/firebase/tools/lib/node_modules/firebase-tools/lib/init/index.js:19:9)
[error] 
[error] Error: Failed to create project. See firebase-debug.log for more info.
